  c_main.cpp
D:\dev\cpp\Intent\ui-framework_v5\sdk\notify\c_notify.hpp(40,1): warning C4305: '-=': truncation from 'double' to 'float'
  (compiling source file 'entry/cpp/c_main.cpp')
  
D:\dev\cpp\Intent\ui-framework_v5\sdk\notify\c_notify.hpp(59,12): warning C4834: discarding return value of function with [[nodiscard]] attribute
  (compiling source file 'entry/cpp/c_main.cpp')
  
D:\dev\cpp\Intent\ui-framework_v5\framework\gui\gui.hpp(457,23): warning C4018: '<': signed/unsigned mismatch
  (compiling source file 'entry/cpp/c_main.cpp')
  
D:\dev\cpp\Intent\ui-framework_v5\framework\gui\gui.hpp(1243,24): warning C4018: '<': signed/unsigned mismatch
  (compiling source file 'entry/cpp/c_main.cpp')
  
D:\dev\cpp\Intent\ui-framework_v5\framework\gui\gui.hpp(1251,24): warning C4018: '<': signed/unsigned mismatch
  (compiling source file 'entry/cpp/c_main.cpp')
  
D:\dev\cpp\Intent\ui-framework_v5\framework\gui\gui.hpp(1275,23): warning C4018: '<': signed/unsigned mismatch
  (compiling source file 'entry/cpp/c_main.cpp')
  
D:\dev\cpp\Intent\ui-framework_v5\framework\gui\gui.hpp(1346,93): warning C4018: '<': signed/unsigned mismatch
  (compiling source file 'entry/cpp/c_main.cpp')
  
D:\dev\cpp\Intent\ui-framework_v5\framework\gui\gui.hpp(2306,24): warning C4018: '<': signed/unsigned mismatch
  (compiling source file 'entry/cpp/c_main.cpp')
  
D:\dev\cpp\Intent\ui-framework_v5\framework\gui\gui.hpp(2412,24): warning C4018: '<': signed/unsigned mismatch
  (compiling source file 'entry/cpp/c_main.cpp')
  
  animation_controller.cpp
  c_hooks.cpp
D:\dev\cpp\Intent\ui-framework_v5\sdk\notify\c_notify.hpp(40,1): warning C4305: '-=': truncation from 'double' to 'float'
  (compiling source file 'hooking/cpp/c_hooks.cpp')
  
D:\dev\cpp\Intent\ui-framework_v5\sdk\notify\c_notify.hpp(59,12): warning C4834: discarding return value of function with [[nodiscard]] attribute
  (compiling source file 'hooking/cpp/c_hooks.cpp')
  
  c_drawing.cpp
  c_input.cpp
D:\dev\cpp\Intent\ui-framework_v5\sdk\notify\c_notify.hpp(40,1): warning C4305: '-=': truncation from 'double' to 'float'
  (compiling source file 'sdk/input/cpp/c_input.cpp')
  
D:\dev\cpp\Intent\ui-framework_v5\sdk\notify\c_notify.hpp(59,12): warning C4834: discarding return value of function with [[nodiscard]] attribute
  (compiling source file 'sdk/input/cpp/c_input.cpp')
  
  c_sdk.cpp
  c_device_warper.cpp
  c_windows_sdk_warper.cpp
  imgui.cpp
  imgui_draw.cpp
  imgui_freetype.cpp
  imgui_impl_dx9.cpp
  imgui_impl_win32.cpp
  imgui_tables.cpp
  imgui_widgets.cpp
  Generating Code...
D:\dev\cpp\Intent\ui-framework_v5\sdk\u-sdk\c_sdk.hpp(75): warning C4172: returning address of local variable or temporary: temp
D:\dev\cpp\Intent\ui-framework_v5\sdk\u-sdk\c_sdk.hpp(75): warning C4172: returning address of local variable or temporary: temp
D:\dev\cpp\Intent\ui-framework_v5\sdk\u-sdk\c_sdk.hpp(96): warning C4172: returning address of local variable or temporary: temp
LINK : warning LNK4098: defaultlib 'LIBCMT' conflicts with use of other libs; use /NODEFAULTLIB:library
freetype.lib(autofit.obj) : warning LNK4099: PDB '' was not found with 'freetype.lib(autofit.obj)' or at ''; linking object as if no debug info
freetype.lib(ftbase.obj) : warning LNK4099: PDB '' was not found with 'freetype.lib(ftbase.obj)' or at ''; linking object as if no debug info
freetype.lib(ftbitmap.obj) : warning LNK4099: PDB '' was not found with 'freetype.lib(ftbitmap.obj)' or at ''; linking object as if no debug info
freetype.lib(ftinit.obj) : warning LNK4099: PDB '' was not found with 'freetype.lib(ftinit.obj)' or at ''; linking object as if no debug info
freetype.lib(ftmm.obj) : warning LNK4099: PDB '' was not found with 'freetype.lib(ftmm.obj)' or at ''; linking object as if no debug info
freetype.lib(ftsynth.obj) : warning LNK4099: PDB '' was not found with 'freetype.lib(ftsynth.obj)' or at ''; linking object as if no debug info
freetype.lib(bdf.obj) : warning LNK4099: PDB '' was not found with 'freetype.lib(bdf.obj)' or at ''; linking object as if no debug info
freetype.lib(cff.obj) : warning LNK4099: PDB '' was not found with 'freetype.lib(cff.obj)' or at ''; linking object as if no debug info
freetype.lib(type1cid.obj) : warning LNK4099: PDB '' was not found with 'freetype.lib(type1cid.obj)' or at ''; linking object as if no debug info
freetype.lib(ftgzip.obj) : warning LNK4099: PDB '' was not found with 'freetype.lib(ftgzip.obj)' or at ''; linking object as if no debug info
freetype.lib(ftlzw.obj) : warning LNK4099: PDB '' was not found with 'freetype.lib(ftlzw.obj)' or at ''; linking object as if no debug info
freetype.lib(pcf.obj) : warning LNK4099: PDB '' was not found with 'freetype.lib(pcf.obj)' or at ''; linking object as if no debug info
freetype.lib(pfr.obj) : warning LNK4099: PDB '' was not found with 'freetype.lib(pfr.obj)' or at ''; linking object as if no debug info
freetype.lib(psaux.obj) : warning LNK4099: PDB '' was not found with 'freetype.lib(psaux.obj)' or at ''; linking object as if no debug info
freetype.lib(pshinter.obj) : warning LNK4099: PDB '' was not found with 'freetype.lib(pshinter.obj)' or at ''; linking object as if no debug info
freetype.lib(psmodule.obj) : warning LNK4099: PDB '' was not found with 'freetype.lib(psmodule.obj)' or at ''; linking object as if no debug info
freetype.lib(raster.obj) : warning LNK4099: PDB '' was not found with 'freetype.lib(raster.obj)' or at ''; linking object as if no debug info
freetype.lib(sfnt.obj) : warning LNK4099: PDB '' was not found with 'freetype.lib(sfnt.obj)' or at ''; linking object as if no debug info
freetype.lib(smooth.obj) : warning LNK4099: PDB '' was not found with 'freetype.lib(smooth.obj)' or at ''; linking object as if no debug info
freetype.lib(sdf.obj) : warning LNK4099: PDB '' was not found with 'freetype.lib(sdf.obj)' or at ''; linking object as if no debug info
freetype.lib(svg.obj) : warning LNK4099: PDB '' was not found with 'freetype.lib(svg.obj)' or at ''; linking object as if no debug info
freetype.lib(truetype.obj) : warning LNK4099: PDB '' was not found with 'freetype.lib(truetype.obj)' or at ''; linking object as if no debug info
freetype.lib(type1.obj) : warning LNK4099: PDB '' was not found with 'freetype.lib(type1.obj)' or at ''; linking object as if no debug info
freetype.lib(type42.obj) : warning LNK4099: PDB '' was not found with 'freetype.lib(type42.obj)' or at ''; linking object as if no debug info
freetype.lib(winfnt.obj) : warning LNK4099: PDB '' was not found with 'freetype.lib(winfnt.obj)' or at ''; linking object as if no debug info
freetype.lib(ftdebug.obj) : warning LNK4099: PDB '' was not found with 'freetype.lib(ftdebug.obj)' or at ''; linking object as if no debug info
freetype.lib(ftsystem.obj) : warning LNK4099: PDB '' was not found with 'freetype.lib(ftsystem.obj)' or at ''; linking object as if no debug info
  ui v2.vcxproj -> D:\dev\cpp\Intent\ui-framework_v5\Debug\ui v3.exe
