  c_main.cpp
C:\Program Files\Microsoft Visual Studio\2022\Community\VC\Tools\MSVC\14.38.33130\include\string_view(12): warning STL4038: The contents of <string_view> are available only with C++17 or later.
C:\Program Files\Microsoft Visual Studio\2022\Community\VC\Tools\MSVC\14.38.33130\include\optional(11): warning STL4038: The contents of <optional> are available only with C++17 or later.
D:\dev\cpp\Intent\ui-framework_v5\c_includes.hpp(19,10): error C1083: Cannot open include file: 'd3dx9.h': No such file or directory
  (compiling source file 'entry/cpp/c_main.cpp')
  
  animation_controller.cpp
C:\Program Files\Microsoft Visual Studio\2022\Community\VC\Tools\MSVC\14.38.33130\include\string_view(12): warning STL4038: The contents of <string_view> are available only with C++17 or later.
C:\Program Files\Microsoft Visual Studio\2022\Community\VC\Tools\MSVC\14.38.33130\include\optional(11): warning STL4038: The contents of <optional> are available only with C++17 or later.
D:\dev\cpp\Intent\ui-framework_v5\c_includes.hpp(19,10): error C1083: Cannot open include file: 'd3dx9.h': No such file or directory
  (compiling source file 'framework/dependency/animation_controller/animation_controller.cpp')
  
  c_hooks.cpp
C:\Program Files\Microsoft Visual Studio\2022\Community\VC\Tools\MSVC\14.38.33130\include\string_view(12): warning STL4038: The contents of <string_view> are available only with C++17 or later.
C:\Program Files\Microsoft Visual Studio\2022\Community\VC\Tools\MSVC\14.38.33130\include\optional(11): warning STL4038: The contents of <optional> are available only with C++17 or later.
D:\dev\cpp\Intent\ui-framework_v5\c_includes.hpp(19,10): error C1083: Cannot open include file: 'd3dx9.h': No such file or directory
  (compiling source file 'hooking/cpp/c_hooks.cpp')
  
  c_drawing.cpp
C:\Program Files\Microsoft Visual Studio\2022\Community\VC\Tools\MSVC\14.38.33130\include\string_view(12): warning STL4038: The contents of <string_view> are available only with C++17 or later.
C:\Program Files\Microsoft Visual Studio\2022\Community\VC\Tools\MSVC\14.38.33130\include\optional(11): warning STL4038: The contents of <optional> are available only with C++17 or later.
D:\dev\cpp\Intent\ui-framework_v5\c_includes.hpp(19,10): error C1083: Cannot open include file: 'd3dx9.h': No such file or directory
  (compiling source file 'sdk/drawing/cpp/c_drawing.cpp')
  
  c_input.cpp
C:\Program Files\Microsoft Visual Studio\2022\Community\VC\Tools\MSVC\14.38.33130\include\string_view(12): warning STL4038: The contents of <string_view> are available only with C++17 or later.
C:\Program Files\Microsoft Visual Studio\2022\Community\VC\Tools\MSVC\14.38.33130\include\optional(11): warning STL4038: The contents of <optional> are available only with C++17 or later.
D:\dev\cpp\Intent\ui-framework_v5\c_includes.hpp(19,10): error C1083: Cannot open include file: 'd3dx9.h': No such file or directory
  (compiling source file 'sdk/input/cpp/c_input.cpp')
  
  c_sdk.cpp
  c_device_warper.cpp
C:\Program Files\Microsoft Visual Studio\2022\Community\VC\Tools\MSVC\14.38.33130\include\string_view(12): warning STL4038: The contents of <string_view> are available only with C++17 or later.
C:\Program Files\Microsoft Visual Studio\2022\Community\VC\Tools\MSVC\14.38.33130\include\optional(11): warning STL4038: The contents of <optional> are available only with C++17 or later.
D:\dev\cpp\Intent\ui-framework_v5\c_includes.hpp(19,10): error C1083: Cannot open include file: 'd3dx9.h': No such file or directory
  (compiling source file 'sdk/warper/cpp/c_device_warper.cpp')
  
  c_windows_sdk_warper.cpp
C:\Program Files\Microsoft Visual Studio\2022\Community\VC\Tools\MSVC\14.38.33130\include\string_view(12): warning STL4038: The contents of <string_view> are available only with C++17 or later.
C:\Program Files\Microsoft Visual Studio\2022\Community\VC\Tools\MSVC\14.38.33130\include\optional(11): warning STL4038: The contents of <optional> are available only with C++17 or later.
D:\dev\cpp\Intent\ui-framework_v5\c_includes.hpp(19,10): error C1083: Cannot open include file: 'd3dx9.h': No such file or directory
  (compiling source file 'sdk/warper/cpp/c_windows_sdk_warper.cpp')
  
  imgui.cpp
  imgui_draw.cpp
  imgui_freetype.cpp
D:\dev\cpp\Intent\ui-framework_v5\thirdparty\imgui\imgui_freetype.cpp(39,10): error C1083: Cannot open include file: 'ft2build.h': No such file or directory
  imgui_impl_dx9.cpp
  imgui_impl_win32.cpp
  imgui_tables.cpp
  imgui_widgets.cpp
  Generating Code...
